Log file open, 07/18/18 15:16:51
LogWindows: Failed to load 'aqProf.dll' (GetLastError=126)
LogWindows: File 'aqProf.dll' does not exist
LogWindows: Failed to load 'VSPerf140.dll' (GetLastError=126)
LogWindows: File 'VSPerf140.dll' does not exist
LogWindows: Failed to load 'VtuneApi.dll' (GetLastError=126)
LogWindows: File 'VtuneApi.dll' does not exist
LogWindows: Failed to load 'VtuneApi32e.dll' (GetLastError=126)
LogWindows: File 'VtuneApi32e.dll' does not exist
LogInit: Display: Running engine for game: lumina
LogPlatformFile: Not using cached read wrapper
LogTaskGraph: Started task graph with 5 named threads and 47 total threads with 3 sets of task threads.
LogStats: Stats thread started at 0.796078
LogD3D11RHI: Loaded GFSDK_Aftermath_Lib.x64.dll
LogICUInternationalization: Display: ICU TimeZone Detection - Raw Offset: -5:00, Platform Override: ''
LogPluginManager: Mounting plugin Paper2D
LogPluginManager: Mounting plugin AISupport
LogPluginManager: Mounting plugin LightPropagationVolume
LogPluginManager: Mounting plugin CLionSourceCodeAccess
LogPluginManager: Mounting plugin CodeLiteSourceCodeAccess
LogPluginManager: Mounting plugin GitSourceControl
LogPluginManager: Mounting plugin KDevelopSourceCodeAccess
LogPluginManager: Mounting plugin NullSourceCodeAccess
LogPluginManager: Mounting plugin PerforceSourceControl
LogPluginManager: Mounting plugin SubversionSourceControl
LogPluginManager: Mounting plugin UObjectPlugin
LogPluginManager: Mounting plugin VisualStudioCodeSourceCodeAccess
LogPluginManager: Mounting plugin VisualStudioSourceCodeAccess
LogPluginManager: Mounting plugin XCodeSourceCodeAccess
LogPluginManager: Mounting plugin AssetManagerEditor
LogPluginManager: Mounting plugin CryptoKeys
LogPluginManager: Mounting plugin DataValidation
LogPluginManager: Mounting plugin FacialAnimation
LogPluginManager: Mounting plugin GameplayTagsEditor
LogPluginManager: Mounting plugin MacGraphicsSwitching
LogPluginManager: Mounting plugin MeshEditor
LogPluginManager: Mounting plugin MobileLauncherProfileWizard
LogPluginManager: Mounting plugin PluginBrowser
LogPluginManager: Mounting plugin SpeedTreeImporter
LogPluginManager: Mounting plugin DatasmithContent
LogPluginManager: Mounting plugin AlembicImporter
LogPluginManager: Mounting plugin AppleImageUtils
LogPluginManager: Mounting plugin AppleVision
LogPluginManager: Mounting plugin BackChannel
LogPluginManager: Mounting plugin CharacterAI
LogPluginManager: Mounting plugin GeometryCache
LogPluginManager: Mounting plugin HTML5Networking
LogPluginManager: Mounting plugin ProxyLODPlugin
LogPluginManager: Mounting plugin MagicLeap
LogPluginManager: Mounting plugin MagicLeapEmulator
LogPluginManager: Mounting plugin MagicLeapMedia
LogPluginManager: Mounting plugin AndroidMedia
LogPluginManager: Mounting plugin AvfMedia
LogPluginManager: Mounting plugin ImgMedia
LogPluginManager: Mounting plugin LinearTimecode
LogPluginManager: Mounting plugin MediaCompositing
LogPluginManager: Mounting plugin MediaPlayerEditor
LogPluginManager: Mounting plugin WmfMedia
LogPluginManager: Mounting plugin TcpMessaging
LogPluginManager: Mounting plugin UdpMessaging
LogPluginManager: Mounting plugin ActorSequence
LogPluginManager: Mounting plugin LevelSequenceEditor
LogPluginManager: Mounting plugin MatineeToLevelSequence
LogPluginManager: Mounting plugin NetcodeUnitTest
LogPluginManager: Mounting plugin NUTUnrealEngine4
LogPluginManager: Mounting plugin OnlineSubsystemGooglePlay
LogPluginManager: Mounting plugin OnlineSubsystemIOS
LogPluginManager: Mounting plugin OnlineSubsystem
LogPluginManager: Mounting plugin OnlineSubsystemNull
LogPluginManager: Mounting plugin OnlineSubsystemUtils
LogPluginManager: Mounting plugin LauncherChunkInstaller
LogPluginManager: Mounting plugin AndroidDeviceProfileSelector
LogPluginManager: Mounting plugin AndroidMoviePlayer
LogPluginManager: Mounting plugin AndroidPermission
LogPluginManager: Mounting plugin AppleMoviePlayer
LogPluginManager: Mounting plugin ArchVisCharacter
LogPluginManager: Mounting plugin AudioCapture
LogPluginManager: Mounting plugin CableComponent
LogPluginManager: Mounting plugin CustomMeshComponent
LogPluginManager: Mounting plugin EditableMesh
LogPluginManager: Mounting plugin ExampleDeviceProfileSelector
LogPluginManager: Mounting plugin GoogleCloudMessaging
LogPluginManager: Mounting plugin ImmediatePhysics
LogPluginManager: Mounting plugin IOSDeviceProfileSelector
LogPluginManager: Mounting plugin LinuxDeviceProfileSelector
LogPluginManager: Mounting plugin LocationServicesBPLibrary
LogPluginManager: Mounting plugin MobilePatchingUtils
LogPluginManager: Mounting plugin OculusVR
LogPluginManager: Plugin shader directory ../../../Engine/Plugins/Runtime/Oculus/OculusVR/Shaders found
LogPluginManager: Mapping shader source directory ../../../Engine/Plugins/Runtime/Oculus/OculusVR/Shaders to virtual directory /Plugin/OculusVR
LogPluginManager: Mounting plugin PhysXVehicles
LogPluginManager: Mounting plugin ProceduralMeshComponent
LogPluginManager: Mounting plugin RuntimePhysXCooking
LogPluginManager: Mounting plugin SteamVR
LogPluginManager: Mounting plugin WindowsMoviePlayer
LogStreaming: Display: Took  0.187s to configure plugins.
LogInit: Using libcurl 7.55.1-DEV
LogInit:  - built for x86_64-pc-win32
LogInit:  - supports SSL with OpenSSL/1.0.2h
LogInit:  - supports HTTP deflate (compression) using libz 1.2.8
LogInit:  - other features:
LogInit:      CURL_VERSION_SSL
LogInit:      CURL_VERSION_LIBZ
LogInit:      CURL_VERSION_IPV6
LogInit:      CURL_VERSION_ASYNCHDNS
LogInit:      CURL_VERSION_LARGEFILE
LogInit:      CURL_VERSION_IDN
LogInit:  CurlRequestOptions (configurable via config and command line):
LogInit:  - bVerifyPeer = false  - Libcurl will NOT verify peer certificate
LogInit:  - bUseHttpProxy = false  - Libcurl will NOT use HTTP proxy
LogInit:  - bDontReuseConnections = false  - Libcurl will reuse connections
LogInit:  - CertBundlePath = nullptr  - Libcurl will use whatever was configured at build time.
LogInit:  - MaxHostConnections = 16  - Libcurl will limit the number of connections to a host
LogInit:  - LocalHostAddr = Default
LogInit:  - BufferSize = 65536
LogInit: WinSock: version 1.1 (2.2), MaxSocks=32767, MaxUdp=65467
LogInit: Build: ++UE4+Release-4.20-CL-4212847
LogInit: Engine Version: 4.20.0-4212847+++UE4+Release-4.20
LogInit: Compatible Engine Version: 4.20.0-4212847+++UE4+Release-4.20
LogInit: Net CL: 4212847
LogInit: OS: Windows 10 (), CPU: AMD Ryzen 7 1700X Eight-Core Processor         , GPU: NVIDIA GeForce GTX 1070
LogInit: Compiled (64-bit): Jul 14 2018 09:51:14
LogInit: Compiled with Visual C++: 19.13.26129.00
LogInit: Build Configuration: Development
LogInit: Branch Name: ++UE4+Release-4.20
LogInit: Command Line: -EpicPortal 
LogInit: Base Directory: G:/Programas/Unreal/UE_4.20/Engine/Binaries/Win64/
LogInit: Installed Engine Build: 1
LogDevObjectVersion: Number of dev versions registered: 20
LogDevObjectVersion:   Dev-Blueprints (B0D832E4-1F89-4F0D-ACCF-7EB736FD4AA2): 10
LogDevObjectVersion:   Dev-Build (E1C64328-A22C-4D53-A36C-8E866417BD8C): 0
LogDevObjectVersion:   Dev-Core (375EC13C-06E4-48FB-B500-84F0262A717E): 2
LogDevObjectVersion:   Dev-Editor (E4B068ED-F494-42E9-A231-DA0B2E46BB41): 24
LogDevObjectVersion:   Dev-Framework (CFFC743F-43B0-4480-9391-14DF171D2073): 34
LogDevObjectVersion:   Dev-Mobile (B02B49B5-BB20-44E9-A304-32B752E40360): 2
LogDevObjectVersion:   Dev-Networking (A4E4105C-59A1-49B5-A7C5-40C4547EDFEE): 0
LogDevObjectVersion:   Dev-Online (39C831C9-5AE6-47DC-9A44-9C173E1C8E7C): 0
LogDevObjectVersion:   Dev-Physics (78F01B33-EBEA-4F98-B9B4-84EACCB95AA2): 0
LogDevObjectVersion:   Dev-Platform (6631380F-2D4D-43E0-8009-CF276956A95A): 0
LogDevObjectVersion:   Dev-Rendering (12F88B9F-8875-4AFC-A67C-D90C383ABD29): 26
LogDevObjectVersion:   Dev-Sequencer (7B5AE74C-D270-4C10-A958-57980B212A5A): 9
LogDevObjectVersion:   Dev-VR (D7296918-1DD6-4BDD-9DE2-64A83CC13884): 2
LogDevObjectVersion:   Dev-LoadTimes (C2A15278-BFE7-4AFE-6C17-90FF531DF755): 1
LogDevObjectVersion:   Private-Geometry (6EACA3D4-40EC-4CC1-B786-8BED09428FC5): 3
LogDevObjectVersion:   Dev-AnimPhys (29E575DD-E0A3-4627-9D10-D276232CDCEA): 17
LogDevObjectVersion:   Dev-ReflectionCapture (6B266CEC-1EC7-4B8F-A30B-E4D90942FC07): 1
LogDevObjectVersion:   Dev-Automation (0DF73D61-A23F-47EA-B727-89E90C41499A): 1
LogDevObjectVersion:   FortniteMain (601D1886-AC64-4F84-AA16-D3DE0DEAC7D6): 12
LogDevObjectVersion:   Dev-Enterprise (9DFFBCD6-494F-0158-E221-12823C92A888): 1
LogStreaming: Display: Took  0.000s to delete old logs.
LogInit: Presizing for max 8388607 objects, including 0 objects not considered by GC, pre-allocating 0 bytes for permanent pool.
LogInit: Object subsystem initialized
[2018.07.18-20.16.53:615][  0]LogInit: Selected Device Profile: [Windows]
[2018.07.18-20.16.53:615][  0]LogInit: Applying CVar settings loaded from the selected device profile: [Windows]
[2018.07.18-20.16.53:641][  0]LogHAL: Display: Platform has ~ 16 GB [17128869888 / 17179869184 / 16], which maps to Larger [LargestMinGB=32, LargerMinGB=12, DefaultMinGB=8, SmallerMinGB=6, SmallestMinGB=0)
[2018.07.18-20.16.53:641][  0]LogInit: Setting Device Profile CVar: [[r.Vulkan.UseRealUBs:1]]
[2018.07.18-20.16.53:641][  0]LogInit: Going up to parent DeviceProfile []
[2018.07.18-20.16.53:645][  0]LogInit: Computer: MEGACRIC
[2018.07.18-20.16.53:645][  0]LogInit: User: mega1
[2018.07.18-20.16.53:645][  0]LogInit: CPU Page size=4096, Cores=8
[2018.07.18-20.16.53:645][  0]LogInit: High frequency timer resolution =3.314082 MHz
[2018.07.18-20.16.53:646][  0]LogMemory: Memory total: Physical=16.0GB (16GB approx)
[2018.07.18-20.16.53:646][  0]LogMemory: Platform Memory Stats for Windows
[2018.07.18-20.16.53:646][  0]LogMemory: Process Physical Memory: 100.58 MB used, 100.58 MB peak
[2018.07.18-20.16.53:646][  0]LogMemory: Process Virtual Memory: 92.74 MB used, 92.74 MB peak
[2018.07.18-20.16.53:646][  0]LogMemory: Physical Memory: 7106.27 MB used,  9229.09 MB free, 16335.36 MB total
[2018.07.18-20.16.53:646][  0]LogMemory: Virtual Memory: 4673.70 MB used,  9229.09 MB free, 134217728.00 MB total
[2018.07.18-20.16.54:693][  0]LogInit: Overriding language with editor language configuration option (en).
[2018.07.18-20.16.54:693][  0]LogInit: Overriding locale with editor locale configuration option (en).
[2018.07.18-20.16.55:171][  0]LogStreaming: Display: Took  0.479s to InitEngineTextLocalization.
[2018.07.18-20.16.55:171][  0]LogInit: Setting process to per monitor DPI aware
[2018.07.18-20.16.55:266][  0]LogSlate: New Slate User Created.  User Index 0, Is Virtual User: 0
[2018.07.18-20.16.55:266][  0]LogSlate: Slate User Registered.  User Index 0, Is Virtual User: 0
[2018.07.18-20.16.57:677][  0]LogHMD: Failed to initialize OpenVR with code 110
[2018.07.18-20.16.57:677][  0]LogD3D11RHI: D3D11 adapters:
[2018.07.18-20.16.57:773][  0]LogD3D11RHI:    0. 'NVIDIA GeForce GTX 1070' (Feature Level 11_0)
[2018.07.18-20.16.57:773][  0]LogD3D11RHI:       8088/0/8167 MB DedicatedVideo/DedicatedSystem/SharedSystem, Outputs:2, VendorId:0x10de
[2018.07.18-20.16.57:775][  0]LogD3D11RHI:    1. 'Microsoft Basic Render Driver' (Feature Level 11_0)
[2018.07.18-20.16.57:775][  0]LogD3D11RHI:       0/0/8167 MB DedicatedVideo/DedicatedSystem/SharedSystem, Outputs:0, VendorId:0x1414
[2018.07.18-20.16.57:775][  0]LogD3D11RHI: Chosen D3D11 Adapter: 0
[2018.07.18-20.16.57:784][  0]LogD3D11RHI: Creating new Direct3DDevice
[2018.07.18-20.16.57:784][  0]LogD3D11RHI:     GPU DeviceId: 0x1b81 (for the marketing name, search the web for "GPU Device Id")
[2018.07.18-20.16.57:784][  0]LogWindows: EnumDisplayDevices:
[2018.07.18-20.16.57:784][  0]LogWindows:    0. 'NVIDIA GeForce GTX 1070' (P:1 D:1)
[2018.07.18-20.16.57:785][  0]LogWindows:    1. 'NVIDIA GeForce GTX 1070' (P:0 D:1)
[2018.07.18-20.16.57:785][  0]LogWindows:    2. 'NVIDIA GeForce GTX 1070' (P:0 D:0)
[2018.07.18-20.16.57:785][  0]LogWindows:    3. 'NVIDIA GeForce GTX 1070' (P:0 D:0)
[2018.07.18-20.16.57:785][  0]LogWindows: DebugString: FoundDriverCount:4 
[2018.07.18-20.16.57:785][  0]LogD3D11RHI:     Adapter Name: NVIDIA GeForce GTX 1070
[2018.07.18-20.16.57:785][  0]LogD3D11RHI:   Driver Version: 398.36 (internal:24.21.13.9836, unified:398.36)
[2018.07.18-20.16.57:785][  0]LogD3D11RHI:      Driver Date: 6-24-2018
[2018.07.18-20.16.57:785][  0]LogRHI: Texture pool is 5661 MB (70% of 8088 MB)
[2018.07.18-20.16.57:846][  0]LogD3D11RHI: Async texture creation enabled
[2018.07.18-20.16.57:883][  0]LogD3D11RHI: GPU Timing Frequency: 1000.000000 (Debug: 2 2)
[2018.07.18-20.16.57:981][  0]LogShaderCompilers: Guid format shader working directory is 14 characters bigger than the processId version (../../../../../../Unreal/lumina/Intermediate/Shaders/WorkingDirectory/13228/).
[2018.07.18-20.16.57:981][  0]LogShaderCompilers: Cleaned the shader compiler working directory 'C:/Users/mega1/AppData/Local/Temp/UnrealShaderWorkingDir/072B850F4667B174A400968938331AEC/'.
[2018.07.18-20.16.58:541][  0]LogTemp: Display: Loaded TP AllDesktopTargetPlatform
[2018.07.18-20.16.58:586][  0]LogTemp: Display: Loaded TP MacClientTargetPlatform
[2018.07.18-20.16.58:623][  0]LogTemp: Display: Loaded TP MacNoEditorTargetPlatform
[2018.07.18-20.16.58:652][  0]LogTemp: Display: Loaded TP MacServerTargetPlatform
[2018.07.18-20.16.58:695][  0]LogTemp: Display: Loaded TP MacTargetPlatform
[2018.07.18-20.16.58:730][  0]LogTemp: Display: Loaded TP WindowsClientTargetPlatform
[2018.07.18-20.16.58:763][  0]LogTemp: Display: Loaded TP WindowsNoEditorTargetPlatform
[2018.07.18-20.16.58:795][  0]LogTemp: Display: Loaded TP WindowsServerTargetPlatform
[2018.07.18-20.16.58:823][  0]LogTemp: Display: Loaded TP WindowsTargetPlatform
[2018.07.18-20.16.59:006][  0]LogTemp: Display: Loaded TP AndroidTargetPlatform
[2018.07.18-20.16.59:006][  0]LogTemp: Display: Loaded TP AndroidTargetPlatform
[2018.07.18-20.16.59:006][  0]LogTemp: Display: Loaded TP AndroidTargetPlatform
[2018.07.18-20.16.59:006][  0]LogTemp: Display: Loaded TP AndroidTargetPlatform
[2018.07.18-20.16.59:006][  0]LogTemp: Display: Loaded TP AndroidTargetPlatform
[2018.07.18-20.16.59:006][  0]LogTemp: Display: Loaded TP AndroidTargetPlatform
[2018.07.18-20.16.59:006][  0]LogTemp: Display: Loaded TP AndroidTargetPlatform
[2018.07.18-20.16.59:006][  0]LogTemp: Display: Loaded TP AndroidTargetPlatform
[2018.07.18-20.16.59:006][  0]LogTemp: Display: Loaded TP AndroidTargetPlatform
[2018.07.18-20.16.59:006][  0]LogTemp: Display: Loaded TP AndroidTargetPlatform
[2018.07.18-20.16.59:006][  0]LogTemp: Display: Loaded TP AndroidTargetPlatform
[2018.07.18-20.16.59:006][  0]LogTemp: Display: Loaded TP AndroidTargetPlatform
[2018.07.18-20.16.59:006][  0]LogTemp: Display: Loaded TP AndroidTargetPlatform
[2018.07.18-20.16.59:006][  0]LogTemp: Display: Loaded TP AndroidTargetPlatform
[2018.07.18-20.16.59:006][  0]LogTemp: Display: Loaded TP AndroidTargetPlatform
[2018.07.18-20.16.59:006][  0]LogTemp: Display: Loaded TP AndroidTargetPlatform
[2018.07.18-20.16.59:006][  0]LogTemp: Display: Loaded TP AndroidTargetPlatform
[2018.07.18-20.16.59:006][  0]LogTemp: Display: Loaded TP AndroidTargetPlatform
[2018.07.18-20.16.59:054][  0]LogTemp: Display: Loaded TP HTML5TargetPlatform
[2018.07.18-20.16.59:211][  0]LogTemp: Display: Loaded TP IOSTargetPlatform
[2018.07.18-20.16.59:211][  0]LogTemp: Display: Loaded TP IOSTargetPlatform
[2018.07.18-20.16.59:266][  0]LogTemp: Display: Loaded TP TVOSTargetPlatform
[2018.07.18-20.16.59:266][  0]LogTemp: Display: Loaded TP TVOSTargetPlatform
[2018.07.18-20.16.59:303][  0]LogTemp: Display: Loaded TP LinuxClientTargetPlatform
[2018.07.18-20.16.59:341][  0]LogTemp: Display: Loaded TP LinuxNoEditorTargetPlatform
[2018.07.18-20.16.59:390][  0]LogTemp: Display: Loaded TP LinuxServerTargetPlatform
[2018.07.18-20.16.59:435][  0]LogTemp: Display: Loaded TP LinuxTargetPlatform
[2018.07.18-20.16.59:472][  0]LogTemp: Display: Loaded TP LuminTargetPlatform
[2018.07.18-20.16.59:472][  0]LogTargetPlatformManager: Display: Building Assets For Windows
[2018.07.18-20.17.00:142][  0]LogXGEController: Cannot use XGE Controller as Incredibuild is not installed on this machine.
[2018.07.18-20.17.00:142][  0]LogShaderCompilers: Cannot use XGE Shader Compiler as Incredibuild is not installed on this machine.
[2018.07.18-20.17.00:142][  0]LogShaderCompilers: Display: Using Local Shader Compiler.
[2018.07.18-20.17.02:209][  0]LogDerivedDataCache: Display: Max Cache Size: 512 MB
[2018.07.18-20.17.02:296][  0]LogDerivedDataCache: Loaded boot cache 0.09s 122MB C:/Users/mega1/AppData/Local/UnrealEngine/4.20/DerivedDataCache/Boot.ddc.
[2018.07.18-20.17.02:296][  0]LogDerivedDataCache: Display: Loaded Boot cache: C:/Users/mega1/AppData/Local/UnrealEngine/4.20/DerivedDataCache/Boot.ddc
[2018.07.18-20.17.02:297][  0]LogDerivedDataCache: FDerivedDataBackendGraph:  Pak pak cache file ../../../../../../Unreal/lumina/DerivedDataCache/DDC.ddp not found, will not use a pak cache.
[2018.07.18-20.17.02:297][  0]LogDerivedDataCache: Unable to find inner node Pak for hierarchical cache Hierarchy.
[2018.07.18-20.17.02:297][  0]LogDerivedDataCache: FDerivedDataBackendGraph:  CompressedPak pak cache file ../../../../../../Unreal/lumina/DerivedDataCache/Compressed.ddp not found, will not use a pak cache.
[2018.07.18-20.17.02:297][  0]LogDerivedDataCache: Unable to find inner node CompressedPak for hierarchical cache Hierarchy.
[2018.07.18-20.17.02:325][  0]LogDerivedDataCache: Display: Pak cache opened for reading ../../../Engine/DerivedDataCache/Compressed.ddp.
[2018.07.18-20.17.02:337][  0]LogDerivedDataCache: Using Local data cache path C:/Users/mega1/AppData/Local/UnrealEngine/Common/DerivedDataCache: Writable
[2018.07.18-20.17.02:337][  0]LogDerivedDataCache: Shared data cache path not found in *engine.ini, will not use an Shared cache.
[2018.07.18-20.17.02:337][  0]LogDerivedDataCache: Unable to find inner node Shared for hierarchical cache Hierarchy.
[2018.07.18-20.17.02:369][  0]LogMaterial: Verifying Global Shaders for PCD3D_SM5
[2018.07.18-20.17.02:372][  0]LogSlate: Using FreeType 2.6.0
[2018.07.18-20.17.02:391][  0]LogSlate: SlateFontServices - WITH_FREETYPE: 1, WITH_HARFBUZZ: 1
[2018.07.18-20.17.02:630][  0]LogAssetRegistry: FAssetRegistry took 0.0266 seconds to start up
[2018.07.18-20.17.03:008][  0]LogInit: Selected Device Profile: [Windows]
[2018.07.18-20.17.03:609][  0]LogSimplygon: Simplygon DLL not present - disabling.
[2018.07.18-20.17.03:760][  0]LogMeshReduction: Using SimplygonSwarm for distributed automatic mesh merging
[2018.07.18-20.17.03:760][  0]LogMeshReduction: Using ProxyLODMeshReduction for automatic mesh merging
[2018.07.18-20.17.03:760][  0]LogMeshReduction: Using QuadricMeshReduction for automatic static mesh reduction
[2018.07.18-20.17.03:760][  0]LogMeshReduction: No automatic skeletal mesh reduction module available
[2018.07.18-20.17.03:788][  0]LogNetVersion: lumina 1.0.0, NetCL: 4212847, EngineNetVer: 5, GameNetVer: 0 (Checksum: 1708253994)
[2018.07.18-20.17.04:360][  0]LogPackageLocalizationCache: Processed 11 localized package path(s) for 1 prioritized culture(s) in 0.075321 seconds
[2018.07.18-20.17.04:368][  0]LogUObjectArray: 38425 objects as part of root set at end of initial load.
[2018.07.18-20.17.04:368][  0]LogUObjectAllocator: 6690864 out of 0 bytes used by permanent object pool.
[2018.07.18-20.17.04:369][  0]LogUObjectArray: CloseDisregardForGC: 0/0 objects in disregard for GC pool
[2018.07.18-20.17.05:333][  0]LogTcpMessaging: Initializing TcpMessaging bridge
[2018.07.18-20.17.05:365][  0]LogUdpMessaging: Initializing bridge on interface 0.0.0.0:0 to multicast group 230.0.0.1:6666.
[2018.07.18-20.17.05:567][  0]SourceControl: Source control is disabled
[2018.07.18-20.17.05:567][  0]SourceControl: Source control is disabled
[2018.07.18-20.17.05:570][  0]SourceControl: Source control is disabled
[2018.07.18-20.17.05:571][  0]SourceControl: Source control is disabled
[2018.07.18-20.17.05:768][  0]LogAndroidPermission: UAndroidPermissionCallbackProxy::GetInstance
[2018.07.18-20.17.05:868][  0]LogOcInput: OculusInput pre-init called
[2018.07.18-20.17.05:934][  0]LogEngine: Initializing Engine...
[2018.07.18-20.17.05:934][  0]LogHMD: Failed to initialize OpenVR with code 110
[2018.07.18-20.17.05:935][  0]LogStats: UGameplayTagsManager::ConstructGameplayTagTree: ImportINI prefixes -  0.000 s
[2018.07.18-20.17.05:935][  0]LogStats: UGameplayTagsManager::ConstructGameplayTagTree: Construct from data asset -  0.000 s
[2018.07.18-20.17.05:936][  0]LogStats: UGameplayTagsManager::ConstructGameplayTagTree: ImportINI -  0.000 s
[2018.07.18-20.17.05:936][  0]LogStats: UGameplayTagsManager::ConstructGameplayTagTree: GameplayTagTreeChangedEvent.Broadcast -  0.000 s
[2018.07.18-20.17.06:205][  0]LogInit: Initializing FReadOnlyCVARCache
[2018.07.18-20.17.06:231][  0]LogAIModule: Creating AISystem for world Untitled
[2018.07.18-20.17.06:251][  0]LogInit: XAudio2 using 'Altavoces (Realtek High Definition Audio)' : 6 channels at 48 kHz using 32 bits per sample (channel mask 0x3f)
[2018.07.18-20.17.06:275][  0]LogInit: FAudioDevice initialized.
[2018.07.18-20.17.06:275][  0]LogNetVersion: Set ProjectVersion to 1.0.0.0. Version Checksum will be recalculated on next use.
[2018.07.18-20.17.06:405][  0]LogDerivedDataCache: Saved boot cache 0.13s 122MB C:/Users/mega1/AppData/Local/UnrealEngine/4.20/DerivedDataCache/Boot.ddc.
[2018.07.18-20.17.06:415][  0]LogInit: Texture streaming: Enabled
[2018.07.18-20.17.06:437][  0]LogEngineSessionManager: EngineSessionManager initialized
[2018.07.18-20.17.06:458][  0]LogInit: Transaction tracking system initialized
[2018.07.18-20.17.06:491][  0]BlueprintLog: New page: Editor Load
[2018.07.18-20.17.06:693][  0]LocalizationService: Localization service is disabled
[2018.07.18-20.17.07:132][  0]LogCook: Display: Max memory allowance for cook 16384mb min free memory 0mb
[2018.07.18-20.17.07:132][  0]LogFileCache: Scanning file cache for directory 'G:/Unreal/lumina/Content/' took 0.01s
[2018.07.18-20.17.07:132][  0]LogCook: Display: Mobile HDR setting 1
[2018.07.18-20.17.07:137][  0]LogGameplayTags: Display: UGameplayTagsManager::DoneAddingNativeTags. DelegateIsBound: 0
[2018.07.18-20.17.07:137][  0]LogStats: UGameplayTagsManager::ConstructGameplayTagTree: ImportINI prefixes -  0.000 s
[2018.07.18-20.17.07:138][  0]LogStats: UGameplayTagsManager::ConstructGameplayTagTree: Construct from data asset -  0.000 s
[2018.07.18-20.17.07:138][  0]LogStats: UGameplayTagsManager::ConstructGameplayTagTree: ImportINI -  0.000 s
[2018.07.18-20.17.07:138][  0]LogStats: UGameplayTagsManager::ConstructGameplayTagTree: GameplayTagTreeChangedEvent.Broadcast -  0.000 s
[2018.07.18-20.17.07:325][  0]SourceControl: Source control is disabled
[2018.07.18-20.17.07:325][  0]Cmd: MAP LOAD FILE="../../../Engine/Content/Maps/Templates/Template_Default.umap" TEMPLATE=1 SHOWPROGRESS=1 FEATURELEVEL=3
[2018.07.18-20.17.07:326][  0]LightingResults: New page: Lighting Build
[2018.07.18-20.17.07:331][  0]MapCheck: New page: Map Check
[2018.07.18-20.17.07:331][  0]LightingResults: New page: Lighting Build
[2018.07.18-20.17.07:569][  0]LogAIModule: Creating AISystem for world Untitled_1
[2018.07.18-20.17.07:575][  0]LogEditorServer: Finished looking for orphan Actors (0.000 secs)
[2018.07.18-20.17.07:609][  0]Cmd: MAP CHECKDEP NOCLEARLOG
[2018.07.18-20.17.07:679][  0]MapCheck: Map check complete: 0 Error(s), 0 Warning(s), took 70.199ms to complete.
[2018.07.18-20.17.07:679][  0]LogFileHelpers: Loading map 'Template_Default' took 0.354
[2018.07.18-20.17.08:560][  0]LogSlate: Updating window title bar state: overlay mode, drag disabled, window buttons hidden, title bar hidden
[2018.07.18-20.17.08:619][  0]LogSlate: Updating window title bar state: overlay mode, drag disabled, window buttons hidden, title bar hidden
[2018.07.18-20.17.08:629][  0]LogSlate: Updating window title bar state: overlay mode, drag disabled, window buttons hidden, title bar hidden
[2018.07.18-20.17.08:640][  0]LogSlate: Updating window title bar state: overlay mode, drag disabled, window buttons hidden, title bar hidden
[2018.07.18-20.17.08:752][  0]LogCollectionManager: Loaded 0 collections in 0.003641 seconds
[2018.07.18-20.17.08:983][  0]LogFileCache: Scanning file cache for directory 'G:/Unreal/lumina/Saved/Collections/' took 0.01s
[2018.07.18-20.17.08:983][  0]LogFileCache: Scanning file cache for directory 'G:/Unreal/lumina/Content/Developers/mega1/Collections/' took 0.01s
[2018.07.18-20.17.08:983][  0]LogFileCache: Scanning file cache for directory 'G:/Unreal/lumina/Content/Collections/' took 0.01s
[2018.07.18-20.17.08:983][  0]LogCollectionManager: Rebuilt the GUID cache for 0 collections in 0.000001 seconds
[2018.07.18-20.17.09:000][  0]LogContentBrowser: Native class hierarchy populated in 0.0161 seconds. Added 2572 classes and 603 folders.
[2018.07.18-20.17.09:193][  0]LogContentBrowser: Native class hierarchy updated for 'WidgetCarousel' in 0.0004 seconds. Added 0 classes and 0 folders.
[2018.07.18-20.17.10:497][  0]LogContentBrowser: Native class hierarchy updated for 'AddContentDialog' in 0.0004 seconds. Added 0 classes and 0 folders.
[2018.07.18-20.17.10:593][  0]LogContentBrowser: Native class hierarchy updated for 'WorldBrowser' in 0.0006 seconds. Added 2 classes and 3 folders.
[2018.07.18-20.17.10:658][  0]LogContentBrowser: Native class hierarchy updated for 'SceneOutliner' in 0.0004 seconds. Added 1 classes and 2 folders.
[2018.07.18-20.17.12:295][  0]LogSlate: Took 0.000301 seconds to synchronously load lazily loaded font '../../../Engine/Content/Slate/Fonts/Roboto-Regular.ttf' (155K)
[2018.07.18-20.17.12:298][  0]LogSlate: Took 0.000358 seconds to synchronously load lazily loaded font '../../../Engine/Content/Slate/Fonts/Roboto-Bold.ttf' (160K)
[2018.07.18-20.17.12:413][  0]LogSlate: Took 0.010900 seconds to synchronously load lazily loaded font '../../../Engine/Content/Editor/Slate/Fonts/FontAwesome.ttf' (139K)
[2018.07.18-20.17.12:847][  0]LogRenderer: Reallocating scene render targets to support 1216x640 Format 10 NumSamples 1 (Frame:1).
[2018.07.18-20.17.13:467][  0]LogContentBrowser: Native class hierarchy updated for 'HierarchicalLODOutliner' in 0.0004 seconds. Added 0 classes and 0 folders.
[2018.07.18-20.17.13:467][  0]LogLoad: (Engine Initialization) Total time: 26.15 seconds
[2018.07.18-20.17.13:467][  0]LogLoad: (Engine Initialization) Total Blueprint compile time: 0.00 seconds
[2018.07.18-20.17.13:697][  0]LogContentStreaming: Texture pool size now 3000 MB
[2018.07.18-20.17.19:476][528]LogAssetRegistry: Asset discovery search completed in 16.8686 seconds
[2018.07.18-20.17.19:478][528]LogCollectionManager: Rebuilt the object cache for 0 collections in 0.000000 seconds (found 0 objects)
[2018.07.18-20.17.19:478][528]LogCollectionManager: Fixed up redirectors for 0 collections in 0.000086 seconds (updated 0 objects)
[2018.07.18-20.17.56:948][993]LogSlate: FSceneViewport::OnFocusLost() reason 0
[2018.07.18-20.18.25:277][304]LogSlate: Took 0.000215 seconds to synchronously load lazily loaded font '../../../Engine/Content/Slate/Fonts/Roboto-Light.ttf' (167K)
[2018.07.18-20.18.36:930][674]LogSlate: Took 0.000245 seconds to synchronously load lazily loaded font '../../../Engine/Content/Slate/Fonts/Roboto-Light.ttf' (167K)
[2018.07.18-20.18.36:938][674]LogAssetEditorManager: Opening Asset editor for ParticleSystem /Game/test_particle.test_particle
[2018.07.18-20.18.37:016][674]LogContentBrowser: Native class hierarchy updated for 'Cascade' in 0.0005 seconds. Added 2 classes and 2 folders.
[2018.07.18-20.18.40:001][884]LogSlate: Window 'test_particle*' being destroyed
[2018.07.18-20.18.44:382][404]LogCascade: Quitting Cascade. FXSystem=0x0000020E8AA79120
[2018.07.18-20.27.13:674][271]LogFileHelpers: Editor autosave (incl. sublevels) for '/Temp/Untitled_1' took 0.065
[2018.07.18-20.27.13:695][271]OBJ SavePackage: Generating thumbnails for [1] asset(s) in package [/Game/test_particle] ([1] browsable assets)...
[2018.07.18-20.27.13:704][271]OBJ SavePackage:     Rendered thumbnail for [ParticleSystem /Game/test_particle.test_particle]
[2018.07.18-20.27.13:704][271]OBJ SavePackage: Finished generating thumbnails for package [/Game/test_particle]
[2018.07.18-20.27.13:704][271]Cmd: OBJ SAVEPACKAGE PACKAGE="/Game/test_particle" FILE="../../../../../../Unreal/lumina/Saved/Autosaves/Game/test_particle_Auto1.uasset" SILENT=false AUTOSAVING=true
[2018.07.18-20.27.13:827][271]LogSavePackage: Moving '../../../../../../Unreal/lumina/Saved/test_particle_Auto10C108C7E48A310157998CF987088E2B7.tmp' to '../../../../../../Unreal/lumina/Saved/Autosaves/Game/test_particle_Auto1.uasset'
[2018.07.18-20.27.13:844][271]LogFileHelpers: Auto-saving content packages took 0.168
[2018.07.18-20.29.51:686][510]LogSlate: Prevented a slow task dialog from being summoned while a context menu was open
[2018.07.18-20.30.18:403][680]LogEditorViewport: Clicking on Actor (LMB): StaticMeshActor (Floor)
[2018.07.18-20.30.19:514][766]LogSlate: FSceneViewport::OnFocusLost() reason 0
[2018.07.18-20.30.25:707][506]LogSlate: Window 'Source Control Login' being destroyed
[2018.07.18-21.07.58:417][237]LogWindows: Warning: CreateProc failed: El sistema no puede encontrar el archivo especificado. (0x00000002)
[2018.07.18-21.07.58:417][237]LogWindows: Warning: URL: C:/Program Files/Git/bin/git.exe version
[2018.07.18-21.07.58:417][237]LogWindows: Warning: CreateProc failed: El sistema no puede encontrar el archivo especificado. (0x00000002)
[2018.07.18-21.07.58:417][237]LogWindows: Warning: URL: C:/Program Files (x86)/Git/bin/git.exe version
[2018.07.18-21.07.58:417][237]LogWindows: Warning: CreateProc failed: El sistema no puede encontrar el archivo especificado. (0x00000002)
[2018.07.18-21.07.58:417][237]LogWindows: Warning: URL: C:\Users\mega1\AppData\Local/Programs/Git/cmd/git.exe version
[2018.07.18-21.07.58:418][237]LogWindows: Warning: CreateProc failed: El sistema no puede encontrar el archivo especificado. (0x00000002)
[2018.07.18-21.07.58:418][237]LogWindows: Warning: URL: C:/Program Files (x86)/SmartGit/git/bin/git.exe version
[2018.07.18-21.07.58:418][237]LogWindows: Warning: CreateProc failed: El sistema no puede encontrar el archivo especificado. (0x00000002)
[2018.07.18-21.07.58:418][237]LogWindows: Warning: URL: C:/Program Files (x86)/SmartGit/bin/git.exe version
[2018.07.18-21.07.58:418][237]LogWindows: Warning: CreateProc failed: El sistema no puede encontrar el archivo especificado. (0x00000002)
[2018.07.18-21.07.58:418][237]LogWindows: Warning: URL: C:\Users\mega1\AppData\Local/Atlassian/SourceTree/git_local/bin/git.exe version
[2018.07.18-21.07.58:418][237]LogWindows: Warning: CreateProc failed: El sistema no puede encontrar el archivo especificado. (0x00000002)
[2018.07.18-21.07.58:418][237]LogWindows: Warning: URL: C:/Program Files (x86)/fournova/Tower/vendor/Git/bin/git.exe version
[2018.07.18-21.08.02:295][693]LogWindows: Warning: CreateProc failed: Acceso denegado. (0x00000005)
[2018.07.18-21.08.02:295][693]LogWindows: Warning: URL: G:/Programas/Unreal/UE_4.20/Engine/Binaries/Win64/ version
[2018.07.18-21.08.37:712][524]SourceControl: Error: Failed to enable Git source control. You need to install Git and specify a valid path to git executable.
[2018.07.18-21.08.46:985][309]SourceControl: Error: Failed to enable Git source control. You need to install Git and specify a valid path to git executable.
[2018.07.18-21.08.48:234][453]SourceControl: Source control is disabled
[2018.07.18-21.08.48:234][453]LogSlate: Window 'Source Control Login' being destroyed
